<?xml version="1.0" encoding="utf-8"?><testsuites name="pytest tests"><testsuite name="pytest" errors="0" failures="0" skipped="0" tests="12" time="2.888" timestamp="2026-08-27T12:21:25.975174+00:00" hostname="agent-env-113a321c-d998-4b36-851d-48151f29eaf4"><testcase classname="tests.backend_test" name="test_root_health" time="0.271" /><testcase classname="tests.backend_test.TestBulkCellEdits" name="test_set_code_persists_in_monthly" time="1.316" /><testcase classname="tests.backend_test" name="test_monthly_roster_structure" time="0.544" /><testcase classname="tests.backend_test" name="test_monthly_no_mongo_object_id" time="0.067" /><testcase classname="tests.backend_test" name="test_monthly_invalid_month" time="0.064" /><testcase classname="tests.backend_test" name="test_monthly_assign_roundtrip" time="0.357" /><testcase classname="tests.backend_test.TestBulkCellEdits" name="test_multiple_codes_roundtrip" time="0.424" /><testcase classname="tests.backend_test.TestBulkCellEdits" name="test_bulk_empty_entries" time="0.099" /><testcase classname="tests.backend_test.TestBulkCellEdits" name="test_bulk_requires_auth" time="0.118" /><testcase classname="tests.backend_test.TestBulkCellEdits" name="test_bulk_invalid_payload" time="0.081" /><testcase classname="tests.backend_test.TestBulkCellEdits" name="test_bulk_unknown_employee_does_not_500" time="0.166" /><testcase classname="tests.backend_test.TestBulkCellEdits" name="test_bulk_invalid_code_handling" time="0.166" /></testsuite></testsuites>